\BOOKMARK [0][-]{chapter.1}{Introduction}{}% 1
\BOOKMARK [1][-]{section.1.1}{What is Song of Swords?}{chapter.1}% 2
\BOOKMARK [1][-]{section.1.2}{What is a Roleplaying Game?}{chapter.1}% 3
\BOOKMARK [1][-]{section.1.3}{Basic Mechanics Explained}{chapter.1}% 4
\BOOKMARK [2][-]{subsection.1.3.1}{Basics of the Dice Pool}{section.1.3}% 5
\BOOKMARK [0][-]{chapter.2}{Character Creation}{}% 6
\BOOKMARK [1][-]{section.2.1}{How to Create a Character}{chapter.2}% 7
\BOOKMARK [1][-]{section.2.2}{Campaign Power}{chapter.2}% 8
\BOOKMARK [2][-]{subsection.2.2.1}{Player Creation Points}{section.2.2}% 9
\BOOKMARK [0][-]{chapter.3}{Arc and Advancement}{}% 10
\BOOKMARK [1][-]{section.3.1}{Arc Categories}{chapter.3}% 11
\BOOKMARK [2][-]{subsection.3.1.1}{Saga Arc}{section.3.1}% 12
\BOOKMARK [2][-]{subsection.3.1.2}{Epic Arc}{section.3.1}% 13
\BOOKMARK [2][-]{subsection.3.1.3}{Belief Arc}{section.3.1}% 14
\BOOKMARK [2][-]{subsection.3.1.4}{Glory Arc}{section.3.1}% 15
\BOOKMARK [2][-]{subsection.3.1.5}{Flaw Arc}{section.3.1}% 16
\BOOKMARK [1][-]{section.3.2}{Awarding Arc Points}{chapter.3}% 17
\BOOKMARK [2][-]{subsection.3.2.1}{Arcs Ending and Changing}{section.3.2}% 18
\BOOKMARK [2][-]{subsection.3.2.2}{Character Advancement}{section.3.2}% 19
\BOOKMARK [0][-]{chapter.4}{Attributes}{}% 20
\BOOKMARK [1][-]{section.4.1}{Character Creation}{chapter.4}% 21
\BOOKMARK [1][-]{section.4.2}{Advancing with Arc}{chapter.4}% 22
\BOOKMARK [1][-]{section.4.3}{Core Attributes}{chapter.4}% 23
\BOOKMARK [1][-]{section.4.4}{Compound Attributes}{chapter.4}% 24
\BOOKMARK [1][-]{section.4.5}{How to Increase Grit}{chapter.4}% 25
\BOOKMARK [0][-]{chapter.5}{Races}{}% 26
\BOOKMARK [1][-]{section.5.1}{Humans, Dwarves and Goblins}{chapter.5}% 27
\BOOKMARK [2][-]{subsection.5.1.1}{Humans}{section.5.1}% 28
\BOOKMARK [2][-]{subsection.5.1.2}{Goblins}{section.5.1}% 29
\BOOKMARK [2][-]{subsection.5.1.3}{Dwarves}{section.5.1}% 30
\BOOKMARK [1][-]{section.5.2}{Din}{chapter.5}% 31
\BOOKMARK [2][-]{subsection.5.2.1}{Zells}{section.5.2}% 32
\BOOKMARK [2][-]{subsection.5.2.2}{Burdinadin}{section.5.2}% 33
\BOOKMARK [2][-]{subsection.5.2.3}{Ohanedin}{section.5.2}% 34
\BOOKMARK [2][-]{subsection.5.2.4}{Orredin}{section.5.2}% 35
\BOOKMARK [2][-]{subsection.5.2.5}{Star Vampire}{section.5.2}% 36
\BOOKMARK [2][-]{subsection.5.2.6}{Paleolithic Elf}{section.5.2}% 37
\BOOKMARK [1][-]{section.5.3}{Ascended Humans}{chapter.5}% 38
\BOOKMARK [2][-]{subsection.5.3.1}{Genosian Paladin}{section.5.3}% 39
\BOOKMARK [2][-]{subsection.5.3.2}{Dessian Silver Guard}{section.5.3}% 40
\BOOKMARK [2][-]{subsection.5.3.3}{Sarturi Chosen}{section.5.3}% 41
\BOOKMARK [0][-]{chapter.6}{Boons and Banes}{}% 42
\BOOKMARK [1][-]{section.6.1}{Character Creation}{chapter.6}% 43
\BOOKMARK [1][-]{section.6.2}{Advancing with Arc}{chapter.6}% 44
\BOOKMARK [1][-]{section.6.3}{Boons List}{chapter.6}% 45
\BOOKMARK [1][-]{section.6.4}{Banes List}{chapter.6}% 46
\BOOKMARK [1][-]{section.6.5}{Boons}{chapter.6}% 47
\BOOKMARK [1][-]{section.6.6}{Banes}{chapter.6}% 48
\BOOKMARK [0][-]{chapter.7}{Skills}{}% 49
\BOOKMARK [1][-]{section.7.1}{Skills}{chapter.7}% 50
\BOOKMARK [2][-]{subsection.7.1.1}{Character Creation}{section.7.1}% 51
\BOOKMARK [1][-]{section.7.2}{Skill Descriptions}{chapter.7}% 52
\BOOKMARK [0][-]{chapter.8}{Social Class and Wealth}{}% 53
\BOOKMARK [1][-]{section.8.1}{Character Creation}{chapter.8}% 54
\BOOKMARK [2][-]{subsection.8.1.1}{Social Class Benefits}{section.8.1}% 55
\BOOKMARK [2][-]{subsection.8.1.2}{Abnormal Social Class and Wealth Combinations}{section.8.1}% 56
\BOOKMARK [1][-]{section.8.2}{Wealth}{chapter.8}% 57
\BOOKMARK [0][-]{chapter.9}{Equipment}{}% 58
\BOOKMARK [0][-]{chapter.10}{Melee Weapons}{}% 59
\BOOKMARK [1][-]{subsection.10.0.1}{Which Weapon for Me?}{chapter.10}% 60
\BOOKMARK [2][-]{subsection.10.0.2}{Melee Weapon Characteristics}{subsection.10.0.1}% 61
\BOOKMARK [1][-]{section.10.1}{Daggers}{chapter.10}% 62
\BOOKMARK [1][-]{section.10.2}{Swords}{chapter.10}% 63
\BOOKMARK [2][-]{subsection.10.2.1}{1H Swords}{section.10.2}% 64
\BOOKMARK [2][-]{subsection.10.2.2}{2H Swords}{section.10.2}% 65
\BOOKMARK [1][-]{section.10.3}{Blunt}{chapter.10}% 66
\BOOKMARK [2][-]{subsection.10.3.1}{1H Blunt}{section.10.3}% 67
\BOOKMARK [2][-]{subsection.10.3.2}{2H Blunt}{section.10.3}% 68
\BOOKMARK [1][-]{section.10.4}{Spears}{chapter.10}% 69
\BOOKMARK [2][-]{subsection.10.4.1}{Spear Weapon Attachments}{section.10.4}% 70
\BOOKMARK [1][-]{section.10.5}{Polearms}{chapter.10}% 71
\BOOKMARK [2][-]{subsection.10.5.1}{Polearm Weapon Attachments}{section.10.5}% 72
\BOOKMARK [1][-]{section.10.6}{Special Qualities}{chapter.10}% 73
\BOOKMARK [1][-]{section.10.7}{Materials}{chapter.10}% 74
\BOOKMARK [1][-]{section.10.8}{Customization Options}{chapter.10}% 75
\BOOKMARK [0][-]{chapter.11}{Missile Weapons}{}% 76
\BOOKMARK [1][-]{section.11.1}{Missile Weapon Characteristics}{chapter.11}% 77
\BOOKMARK [1][-]{section.11.2}{Missile Weapons}{chapter.11}% 78
\BOOKMARK [2][-]{subsection.11.2.1}{Bows}{section.11.2}% 79
\BOOKMARK [2][-]{subsection.11.2.2}{Crossbows}{section.11.2}% 80
\BOOKMARK [2][-]{subsection.11.2.3}{Firearms}{section.11.2}% 81
\BOOKMARK [0][-]{chapter.12}{Prosthetics}{}% 82
\BOOKMARK [0][-]{chapter.13}{Shields}{}% 83
\BOOKMARK [1][-]{section.13.1}{Shield Characteristics}{chapter.13}% 84
\BOOKMARK [1][-]{section.13.2}{Shield List}{chapter.13}% 85
\BOOKMARK [0][-]{chapter.14}{Armor}{}% 86
\BOOKMARK [1][-]{section.14.1}{What Armor Should I Wear?}{chapter.14}% 87
\BOOKMARK [2][-]{subsection.14.1.1}{Armor Value}{section.14.1}% 88
\BOOKMARK [1][-]{section.14.2}{Armor Characteristics}{chapter.14}% 89
\BOOKMARK [2][-]{subsection.14.2.1}{Layering Armor}{section.14.2}% 90
\BOOKMARK [2][-]{subsection.14.2.2}{Underarmor}{section.14.2}% 91
\BOOKMARK [1][-]{section.14.3}{Pre-made Armor Sets}{chapter.14}% 92
\BOOKMARK [1][-]{section.14.4}{Armor Components}{chapter.14}% 93
\BOOKMARK [2][-]{subsection.14.4.1}{Head and Neck Armor}{section.14.4}% 94
\BOOKMARK [2][-]{subsection.14.4.2}{Torso Armor}{section.14.4}% 95
\BOOKMARK [2][-]{subsection.14.4.3}{Arm Armor}{section.14.4}% 96
\BOOKMARK [2][-]{subsection.14.4.4}{Leg Armor}{section.14.4}% 97
\BOOKMARK [2][-]{subsection.14.4.5}{Horse Armor}{section.14.4}% 98
\BOOKMARK [1][-]{section.14.5}{Special Qualities}{chapter.14}% 99
\BOOKMARK [0][-]{chapter.15}{Burdinadin Armory}{}% 100
\BOOKMARK [1][-]{section.15.1}{Burdinadin Armor}{chapter.15}% 101
\BOOKMARK [2][-]{subsection.15.1.1}{Burdinadin Armor}{section.15.1}% 102
\BOOKMARK [0][-]{chapter.16}{Other Items}{}% 103
\BOOKMARK [0][-]{chapter.17}{Proficiencies}{}% 104
\BOOKMARK [1][-]{section.17.1}{Character Creation}{chapter.17}% 105
\BOOKMARK [0][-]{chapter.18}{Maneuvers}{}% 106
\BOOKMARK [1][-]{subsection.18.0.1}{Gaining Maneuvers}{chapter.18}% 107
\BOOKMARK [2][-]{subsection.18.0.2}{Using Maneuvers}{subsection.18.0.1}% 108
\BOOKMARK [1][-]{section.18.1}{The Anatomy of a Maneuver}{chapter.18}% 109
\BOOKMARK [1][-]{section.18.2}{Attack Maneuvers}{chapter.18}% 110
\BOOKMARK [2][-]{subsection.18.2.1}{Weapon Attack Maneuvers}{section.18.2}% 111
\BOOKMARK [2][-]{subsection.18.2.2}{Unarmed Attack Maneuvers}{section.18.2}% 112
\BOOKMARK [2][-]{subsection.18.2.3}{Shield Attack Maneuvers}{section.18.2}% 113
\BOOKMARK [2][-]{subsection.18.2.4}{Special Attack Maneuvers}{section.18.2}% 114
\BOOKMARK [1][-]{section.18.3}{Defense Maneuvers}{chapter.18}% 115
\BOOKMARK [2][-]{subsection.18.3.1}{Parry Defense Maneuvers}{section.18.3}% 116
\BOOKMARK [2][-]{subsection.18.3.2}{Unarmed Defense Maneuvers}{section.18.3}% 117
\BOOKMARK [2][-]{subsection.18.3.3}{Block Defense Maneuvers}{section.18.3}% 118
\BOOKMARK [2][-]{subsection.18.3.4}{Void Defense Maneuvers}{section.18.3}% 119
\BOOKMARK [2][-]{subsection.18.3.5}{Special Defense Maneuvers}{section.18.3}% 120
\BOOKMARK [1][-]{section.18.4}{Cross-Fighting Maneuvers}{chapter.18}% 121
\BOOKMARK [2][-]{subsection.18.4.1}{Attack Cross-Fighting Maneuvers}{section.18.4}% 122
\BOOKMARK [2][-]{subsection.18.4.2}{Defense Cross-Fighting Maneuvers}{section.18.4}% 123
\BOOKMARK [1][-]{section.18.5}{Simultaneous Maneuvers}{chapter.18}% 124
\BOOKMARK [2][-]{subsection.18.5.1}{General Simultaneous Maneuvers}{section.18.5}% 125
\BOOKMARK [1][-]{section.18.6}{Missile Maneuvers}{chapter.18}% 126
\BOOKMARK [2][-]{subsection.18.6.1}{General Missile Maneuvers}{section.18.6}% 127
\BOOKMARK [2][-]{subsection.18.6.2}{Shooting Missile Maneuvers}{section.18.6}% 128
\BOOKMARK [2][-]{subsection.18.6.3}{Throwing Missile Maneuvers}{section.18.6}% 129
\BOOKMARK [1][-]{section.18.7}{Grapple Maneuvers}{chapter.18}% 130
\BOOKMARK [2][-]{subsection.18.7.1}{Advantage Grapple Maneuvers}{section.18.7}% 131
\BOOKMARK [2][-]{subsection.18.7.2}{Disadvantage Grapple Maneuvers}{section.18.7}% 132
\BOOKMARK [2][-]{subsection.18.7.3}{General Grapple Maneuvers}{section.18.7}% 133
\BOOKMARK [1][-]{section.18.8}{Hilt Push Maneuvers}{chapter.18}% 134
\BOOKMARK [2][-]{subsection.18.8.1}{Advantage Hilt Push Maneuvers}{section.18.8}% 135
\BOOKMARK [1][-]{section.18.9}{Mobility Maneuvers}{chapter.18}% 136
\BOOKMARK [2][-]{subsection.18.9.1}{General Mobility Maneuvers}{section.18.9}% 137
\BOOKMARK [1][-]{section.18.10}{Mounted Maneuvers}{chapter.18}% 138
\BOOKMARK [2][-]{subsection.18.10.1}{Attack Mounted Maneuvers}{section.18.10}% 139
\BOOKMARK [2][-]{subsection.18.10.2}{Defense Mounted Maneuvers}{section.18.10}% 140
\BOOKMARK [2][-]{subsection.18.10.3}{Passing Mounted Maneuvers}{section.18.10}% 141
\BOOKMARK [1][-]{section.18.11}{Dog Maneuvers}{chapter.18}% 142
\BOOKMARK [2][-]{subsection.18.11.1}{Attack Dog Maneuvers}{section.18.11}% 143
\BOOKMARK [0][-]{chapter.19}{Talents}{}% 144
\BOOKMARK [1][-]{section.19.1}{Gaining Talents}{chapter.19}% 145
\BOOKMARK [2][-]{subsection.19.1.1}{Choosing Talents}{section.19.1}% 146
\BOOKMARK [1][-]{section.19.2}{Using Talents}{chapter.19}% 147
\BOOKMARK [1][-]{section.19.3}{Talent List}{chapter.19}% 148
\BOOKMARK [2][-]{subsection.19.3.1}{Novice Talents}{section.19.3}% 149
\BOOKMARK [0][-]{chapter.20}{Adventuring}{}% 150
\BOOKMARK [1][-]{section.20.1}{Exhaustion}{chapter.20}% 151
\BOOKMARK [2][-]{subsection.20.1.1}{Exhaustion \046 Fatigue}{section.20.1}% 152
\BOOKMARK [0][-]{chapter.21}{Combat}{}% 153
\BOOKMARK [1][-]{section.21.1}{Combat Encounters}{chapter.21}% 154
\BOOKMARK [2][-]{subsection.21.1.1}{Rounds}{section.21.1}% 155
\BOOKMARK [2][-]{subsection.21.1.2}{Actions}{section.21.1}% 156
\BOOKMARK [2][-]{subsection.21.1.3}{Missile Defense}{section.21.1}% 157
\BOOKMARK [1][-]{section.21.2}{Melee Combat}{chapter.21}% 158
\BOOKMARK [2][-]{subsection.21.2.1}{Round Preparation}{section.21.2}% 159
\BOOKMARK [2][-]{subsection.21.2.2}{Maneuver Resolution}{section.21.2}% 160
\BOOKMARK [2][-]{subsection.21.2.3}{Overwatch Phase}{section.21.2}% 161
\BOOKMARK [2][-]{subsection.21.2.4}{Round Conclusion}{section.21.2}% 162
\BOOKMARK [1][-]{section.21.3}{Combat Concepts}{chapter.21}% 163
\BOOKMARK [2][-]{subsection.21.3.1}{Combat Pool \(CP\)}{section.21.3}% 164
\BOOKMARK [2][-]{subsection.21.3.2}{Missile Target Zones}{section.21.3}% 165
\BOOKMARK [2][-]{subsection.21.3.3}{Reach}{section.21.3}% 166
\BOOKMARK [1][-]{section.21.4}{Additional Combat Rules}{chapter.21}% 167
\BOOKMARK [2][-]{subsection.21.4.1}{Declaring Defense Maneuvers without Initiative}{section.21.4}% 168
\BOOKMARK [2][-]{subsection.21.4.2}{Battlefield Terrain}{section.21.4}% 169
\BOOKMARK [0][-]{chapter.22}{Injury and Recovery}{}% 170
\BOOKMARK [1][-]{section.22.1}{Wounds \204 The Basics of Injury}{chapter.22}% 171
\BOOKMARK [2][-]{subsection.22.1.1}{Anatomy of a Wound}{section.22.1}% 172
\BOOKMARK [2][-]{subsection.22.1.2}{Pain}{section.22.1}% 173
\BOOKMARK [1][-]{section.22.2}{Blood Loss and Bleeding Rolls}{chapter.22}% 174
\BOOKMARK [1][-]{section.22.3}{Damage Conditions and Tests}{chapter.22}% 175
\BOOKMARK [2][-]{subsection.22.3.1}{Falling Damage}{section.22.3}% 176
\BOOKMARK [2][-]{subsection.22.3.2}{Burning \046 Fire Damage}{section.22.3}% 177
\BOOKMARK [2][-]{subsection.22.3.3}{Electrical Damage}{section.22.3}% 178
\BOOKMARK [2][-]{subsection.22.3.4}{Cold Damage}{section.22.3}% 179
\BOOKMARK [1][-]{section.22.4}{Infection}{chapter.22}% 180
\BOOKMARK [2][-]{subsection.22.4.1}{Septic Infections}{section.22.4}% 181
\BOOKMARK [2][-]{subsection.22.4.2}{Amputation}{section.22.4}% 182
\BOOKMARK [0][-]{chapter.23}{Wound Charts}{}% 183
\BOOKMARK [1][-]{section.23.1}{Target Zones and Hit Locations}{chapter.23}% 184
\BOOKMARK [1][-]{section.23.2}{Wound Qualities}{chapter.23}% 185
\BOOKMARK [1][-]{section.23.3}{Upper Head}{chapter.23}% 186
\BOOKMARK [1][-]{section.23.4}{Face}{chapter.23}% 187
\BOOKMARK [1][-]{section.23.5}{Lower Head}{chapter.23}% 188
\BOOKMARK [1][-]{section.23.6}{Neck}{chapter.23}% 189
\BOOKMARK [1][-]{section.23.7}{Shoulder}{chapter.23}% 190
\BOOKMARK [1][-]{section.23.8}{Chest}{chapter.23}% 191
\BOOKMARK [1][-]{section.23.9}{Side}{chapter.23}% 192
\BOOKMARK [1][-]{section.23.10}{Belly}{chapter.23}% 193
\BOOKMARK [1][-]{section.23.11}{Hip}{chapter.23}% 194
\BOOKMARK [1][-]{section.23.12}{Groin}{chapter.23}% 195
\BOOKMARK [1][-]{section.23.13}{Thigh}{chapter.23}% 196
\BOOKMARK [1][-]{section.23.14}{Knee}{chapter.23}% 197
\BOOKMARK [1][-]{section.23.15}{Shin}{chapter.23}% 198
\BOOKMARK [1][-]{section.23.16}{Foot}{chapter.23}% 199
\BOOKMARK [1][-]{section.23.17}{Upper Arm}{chapter.23}% 200
\BOOKMARK [1][-]{section.23.18}{Elbow}{chapter.23}% 201
\BOOKMARK [1][-]{section.23.19}{Forearm}{chapter.23}% 202
\BOOKMARK [1][-]{section.23.20}{Hand}{chapter.23}% 203
\BOOKMARK [1][-]{section.23.21}{Upper Back}{chapter.23}% 204
\BOOKMARK [1][-]{section.23.22}{Lower Back}{chapter.23}% 205
